0000000000000000
0000000000000000000000111011000100000000000000010000000000000000
0000000000000000000000111011000100000000000000100000000000000001
0000000000000000000000111011000100000000000000110000000000000010
0000000000000000000000111011000100000000000001000000000000000011
0000000000000000000000111011000100000000000001010000000000000100
0000000000000000000000111011000100000000000001100000000000000101
0000000000000000000000111011000100000000000001110000000000000110
0000000000000000
0000000000000000
0000000000000000
0000000000000000000000001000001100001001000010100000101100000000
0000000000000000000000001000000100001011000010000000101000000000
0000000000000000000000001000000100000001000010110000101000000000
0000000000000000XD
0000000000000000XD
000000000000000000000
00000000000000000000001110110011
00000000000000000000001110110011
0000000000000000XD
00000000000000000000001110110001
0000000000000000000000010110000000000000000001100000000000000000
0000000000000000
0000000000000000000000010000001100001010000010110000000000010000
0000000000000000000000001000000100001011000000010000101000000000
0000000000000000000000001000000100000100000010110000101000000000
0000000000000000XD
0000000000000000000000001000001000001000000001000000101000000000
0000000000000000000000001000000100000101000010000000010000000000
0000000000000000XD
0000000000000000000000001000000100001010000001000000010100000000
0000000000000000000000010010000000000110000001000000000000000000
0000000000000000000000010010000000000110000010000000000000000000
0000000000000000000000001001001000001000000010010000000100000000
00000000000000100000010000110101
00000000000000000000010000110101
0000000000000000000000001000001100000001000001110000011000000000
0000000000000000000000001000000100000110000010000000000100000000
0000000000000000000000001000000100000011000001100000000100000000
0000000000000000XD
0000000000000000000000001000000100000100000000010000010000000000
0000000000000000000000010000000100000001000000010000000000000001
00000000000000000000010000110101
0000000000000000000000001000000100000101000001000000000100000000
0000000000000000XD
0000000000000000000000001000000100000010000001000000001100000000
0000000000000000XD
0000000000000000000001000111111100000000000000000000000000000000
